{"uuid":"a55dd149-de3c-4d15-9757-a35c03683575","historyId":"585b3a6ab06b62ad59d0f3e547a4c970","fullName":"com.functional.tests.AmazonOrderTest.testCompleteOrderWorkflow","labels":[{"name":"package","value":"com.functional.tests.AmazonOrderTest"},{"name":"testClass","value":"com.functional.tests.AmazonOrderTest"},{"name":"testMethod","value":"testCompleteOrderWorkflow"},{"name":"parentSuite","value":"Amazon Test Suite"},{"name":"suite","value":"Order Workflow Tests"},{"name":"subSuite","value":"com.functional.tests.AmazonOrderTest"},{"name":"host","value":"deepaks-Mac-mini.local"},{"name":"thread","value":"6003@deepaks-Mac-mini.local.main(1)"},{"name":"framework","value":"testng"},{"name":"language","value":"java"},{"name":"story","value":"Complete Order Workflow"},{"name":"feature","value":"Amazon Order Workflow"}],"links":[],"name":"testCompleteOrderWorkflow","status":"broken","statusDetails":{"known":false,"muted":false,"flaky":false,"message":"Failed to select first product: Expected condition failed: waiting for element to be clickable: By.xpath: (//div[contains(@class, 's-result-item') and @data-component-type='s-search-result'])[1]//h2//a (tried for 10 second(s) with 500 milliseconds interval)\nBuild info: version: '4.21.0', revision: '79ed462ef4'\nSystem info: os.name: 'Mac OS X', os.arch: 'aarch64', os.version: '15.3.2', java.version: '23.0.2'\nDriver info: org.openqa.selenium.chrome.ChromeDriver\nCapabilities {acceptInsecureCerts: false, browserName: chrome, browserVersion: 136.0.7103.114, chrome: {chromedriverVersion: 136.0.7103.113 (76fa3c17824..., userDataDir: /var/folders/pt/xmw33shd3jl...}, fedcm:accounts: true, goog:chromeOptions: {debuggerAddress: localhost:64609}, networkConnectionEnabled: false, pageLoadStrategy: normal, platformName: mac, proxy: Proxy(), se:cdp: ws://localhost:64609/devtoo..., se:cdpVersion: 136.0.7103.114, setWindowRect: true, strictFileInteractability: false, timeouts: {implicit: 0, pageLoad: 300000, script: 30000}, unhandledPromptBehavior: dismiss and notify, webauthn:extension:credBlob: true, webauthn:extension:largeBlob: true, webauthn:extension:minPinLength: true, webauthn:extension:prf: true, webauthn:virtualAuthenticators: true}\nSession ID: 4a8831055578957828af67d7b0286706","trace":"java.lang.RuntimeException: Failed to select first product: Expected condition failed: waiting for element to be clickable: By.xpath: (//div[contains(@class, 's-result-item') and @data-component-type='s-search-result'])[1]//h2//a (tried for 10 second(s) with 500 milliseconds interval)\nBuild info: version: '4.21.0', revision: '79ed462ef4'\nSystem info: os.name: 'Mac OS X', os.arch: 'aarch64', os.version: '15.3.2', java.version: '23.0.2'\nDriver info: org.openqa.selenium.chrome.ChromeDriver\nCapabilities {acceptInsecureCerts: false, browserName: chrome, browserVersion: 136.0.7103.114, chrome: {chromedriverVersion: 136.0.7103.113 (76fa3c17824..., userDataDir: /var/folders/pt/xmw33shd3jl...}, fedcm:accounts: true, goog:chromeOptions: {debuggerAddress: localhost:64609}, networkConnectionEnabled: false, pageLoadStrategy: normal, platformName: mac, proxy: Proxy(), se:cdp: ws://localhost:64609/devtoo..., se:cdpVersion: 136.0.7103.114, setWindowRect: true, strictFileInteractability: false, timeouts: {implicit: 0, pageLoad: 300000, script: 30000}, unhandledPromptBehavior: dismiss and notify, webauthn:extension:credBlob: true, webauthn:extension:largeBlob: true, webauthn:extension:minPinLength: true, webauthn:extension:prf: true, webauthn:virtualAuthenticators: true}\nSession ID: 4a8831055578957828af67d7b0286706\n\tat com.functional.pages.AmazonProductPage.selectFirstProduct(AmazonProductPage.java:125)\n\tat com.functional.tests.AmazonOrderTest.testCompleteOrderWorkflow(AmazonOrderTest.java:67)\n\tat java.base/jdk.internal.reflect.DirectMethodHandleAccessor.invoke(DirectMethodHandleAccessor.java:103)\n\tat java.base/java.lang.reflect.Method.invoke(Method.java:580)\n\tat org.testng.internal.invokers.MethodInvocationHelper.invokeMethod(MethodInvocationHelper.java:139)\n\tat org.testng.internal.invokers.TestInvoker.invokeMethod(TestInvoker.java:664)\n\tat org.testng.internal.invokers.TestInvoker.invokeTestMethod(TestInvoker.java:227)\n\tat org.testng.internal.invokers.MethodRunner.runInSequence(MethodRunner.java:50)\n\tat org.testng.internal.invokers.TestInvoker$MethodInvocationAgent.invoke(TestInvoker.java:957)\n\tat org.testng.internal.invokers.TestInvoker.invokeTestMethods(TestInvoker.java:200)\n\tat org.testng.internal.invokers.TestMethodWorker.invokeTestMethods(TestMethodWorker.java:148)\n\tat org.testng.internal.invokers.TestMethodWorker.run(TestMethodWorker.java:128)\n\tat java.base/java.util.ArrayList.forEach(ArrayList.java:1597)\n\tat org.testng.TestRunner.privateRun(TestRunner.java:848)\n\tat org.testng.TestRunner.run(TestRunner.java:621)\n\tat org.testng.SuiteRunner.runTest(SuiteRunner.java:443)\n\tat org.testng.SuiteRunner.runSequentially(SuiteRunner.java:437)\n\tat org.testng.SuiteRunner.privateRun(SuiteRunner.java:397)\n\tat org.testng.SuiteRunner.run(SuiteRunner.java:336)\n\tat org.testng.SuiteRunnerWorker.runSuite(SuiteRunnerWorker.java:52)\n\tat org.testng.SuiteRunnerWorker.run(SuiteRunnerWorker.java:95)\n\tat org.testng.TestNG.runSuitesSequentially(TestNG.java:1280)\n\tat org.testng.TestNG.runSuitesLocally(TestNG.java:1200)\n\tat org.testng.TestNG.runSuites(TestNG.java:1114)\n\tat org.testng.TestNG.run(TestNG.java:1082)\n\tat com.intellij.rt.testng.IDEARemoteTestNG.run(IDEARemoteTestNG.java:65)\n\tat com.intellij.rt.testng.RemoteTestNGStarter.main(RemoteTestNGStarter.java:105)\nCaused by: org.openqa.selenium.TimeoutException: Expected condition failed: waiting for element to be clickable: By.xpath: (//div[contains(@class, 's-result-item') and @data-component-type='s-search-result'])[1]//h2//a (tried for 10 second(s) with 500 milliseconds interval)\nBuild info: version: '4.21.0', revision: '79ed462ef4'\nSystem info: os.name: 'Mac OS X', os.arch: 'aarch64', os.version: '15.3.2', java.version: '23.0.2'\nDriver info: org.openqa.selenium.chrome.ChromeDriver\nCapabilities {acceptInsecureCerts: false, browserName: chrome, browserVersion: 136.0.7103.114, chrome: {chromedriverVersion: 136.0.7103.113 (76fa3c17824..., userDataDir: /var/folders/pt/xmw33shd3jl...}, fedcm:accounts: true, goog:chromeOptions: {debuggerAddress: localhost:64609}, networkConnectionEnabled: false, pageLoadStrategy: normal, platformName: mac, proxy: Proxy(), se:cdp: ws://localhost:64609/devtoo..., se:cdpVersion: 136.0.7103.114, setWindowRect: true, strictFileInteractability: false, timeouts: {implicit: 0, pageLoad: 300000, script: 30000}, unhandledPromptBehavior: dismiss and notify, webauthn:extension:credBlob: true, webauthn:extension:largeBlob: true, webauthn:extension:minPinLength: true, webauthn:extension:prf: true, webauthn:virtualAuthenticators: true}\nSession ID: 4a8831055578957828af67d7b0286706\n\tat org.openqa.selenium.support.ui.WebDriverWait.timeoutException(WebDriverWait.java:84)\n\tat org.openqa.selenium.support.ui.FluentWait.until(FluentWait.java:228)\n\tat com.functional.pages.BasePage.waitForElementClickable(BasePage.java:39)\n\tat com.functional.pages.BasePage.click(BasePage.java:51)\n\tat com.functional.pages.AmazonProductPage.selectFirstProduct(AmazonProductPage.java:120)\n\t... 26 more\n"},"stage":"finished","description":"Test the complete order workflow from search to order placement and cancellation","steps":[],"attachments":[{"name":"Page Screenshot","source":"c216c1e9-0ba7-4a59-924e-7fb6ee372796-attachment","type":"image/png"}],"parameters":[],"start":1748196895753,"stop":1748196924503}